{"C:\\Users\\Hossein\\workspace\\xarboilerplate\\app\\app.js": {"path":"C:\\Users\\Hossein\\workspace\\xarboilerplate\\app\\app.js","statementMap":{"0":{"start":{"line":1,"column":12},"end":{"line":1,"column":32}},"1":{"start":{"line":2,"column":19},"end":{"line":2,"column":42}},"2":{"start":{"line":4,"column":17},"end":{"line":4,"column":49}},"3":{"start":{"line":5,"column":13},"end":{"line":5,"column":41}},"4":{"start":{"line":6,"column":17},"end":{"line":6,"column":49}},"5":{"start":{"line":7,"column":14},"end":{"line":7,"column":43}},"6":{"start":{"line":8,"column":18},"end":{"line":8,"column":51}},"7":{"start":{"line":9,"column":21},"end":{"line":9,"column":51}},"8":{"start":{"line":12,"column":0},"end":{"line":12,"column":19}},"9":{"start":{"line":14,"column":0},"end":{"line":14,"column":78}},"10":{"start":{"line":16,"column":0},"end":{"line":16,"column":20}}},"fnMap":{},"branchMap":{},"s":{"0":6,"1":6,"2":6,"3":6,"4":6,"5":6,"6":6,"7":6,"8":6,"9":6,"10":6},"f":{},"b":{},"_coverageSchema":"1a1c01bbd47fc00a2c39e90264f33305004495a9","hash":"a47b0ed54f72871b0baa08dea7da7bce7c8b548a"}
,"C:\\Users\\Hossein\\workspace\\xarboilerplate\\app\\components\\auth\\auth.controller.js": {"path":"C:\\Users\\Hossein\\workspace\\xarboilerplate\\app\\components\\auth\\auth.controller.js","statementMap":{"0":{"start":{"line":1,"column":14},"end":{"line":1,"column":36}},"1":{"start":{"line":2,"column":15},"end":{"line":2,"column":32}},"2":{"start":{"line":3,"column":12},"end":{"line":3,"column":35}},"3":{"start":{"line":4,"column":60},"end":{"line":4,"column":71}},"4":{"start":{"line":7,"column":13},"end":{"line":14,"column":1}},"5":{"start":{"line":9,"column":2},"end":{"line":11,"column":15}},"6":{"start":{"line":12,"column":15},"end":{"line":12,"column":72}},"7":{"start":{"line":13,"column":31},"end":{"line":13,"column":90}},"8":{"start":{"line":16,"column":21},"end":{"line":16,"column":50}},"9":{"start":{"line":16,"column":30},"end":{"line":16,"column":50}},"10":{"start":{"line":17,"column":19},"end":{"line":17,"column":25}},"11":{"start":{"line":24,"column":30},"end":{"line":33,"column":1}},"12":{"start":{"line":25,"column":14},"end":{"line":25,"column":62}},"13":{"start":{"line":26,"column":18},"end":{"line":26,"column":33}},"14":{"start":{"line":27,"column":16},"end":{"line":27,"column":52}},"15":{"start":{"line":28,"column":1},"end":{"line":31,"column":39}},"16":{"start":{"line":31,"column":8},"end":{"line":31,"column":39}},"17":{"start":{"line":32,"column":1},"end":{"line":32,"column":14}},"18":{"start":{"line":40,"column":14},"end":{"line":46,"column":1}},"19":{"start":{"line":41,"column":1},"end":{"line":41,"column":35}},"20":{"start":{"line":42,"column":14},"end":{"line":42,"column":51}},"21":{"start":{"line":43,"column":1},"end":{"line":43,"column":38}},"22":{"start":{"line":43,"column":11},"end":{"line":43,"column":38}},"23":{"start":{"line":45,"column":1},"end":{"line":45,"column":50}},"24":{"start":{"line":53,"column":17},"end":{"line":61,"column":1}},"25":{"start":{"line":54,"column":1},"end":{"line":54,"column":35}},"26":{"start":{"line":55,"column":18},"end":{"line":55,"column":23}},"27":{"start":{"line":57,"column":14},"end":{"line":57,"column":51}},"28":{"start":{"line":58,"column":1},"end":{"line":58,"column":28}},"29":{"start":{"line":58,"column":11},"end":{"line":58,"column":28}},"30":{"start":{"line":60,"column":1},"end":{"line":60,"column":62}},"31":{"start":{"line":72,"column":15},"end":{"line":89,"column":1}},"32":{"start":{"line":73,"column":1},"end":{"line":73,"column":35}},"33":{"start":{"line":75,"column":18},"end":{"line":75,"column":55}},"34":{"start":{"line":76,"column":1},"end":{"line":76,"column":77}},"35":{"start":{"line":76,"column":15},"end":{"line":76,"column":77}},"36":{"start":{"line":77,"column":1},"end":{"line":77,"column":74}},"37":{"start":{"line":77,"column":37},"end":{"line":77,"column":74}},"38":{"start":{"line":79,"column":1},"end":{"line":79,"column":35}},"39":{"start":{"line":81,"column":17},"end":{"line":81,"column":26}},"40":{"start":{"line":83,"column":1},"end":{"line":83,"column":30}},"41":{"start":{"line":83,"column":11},"end":{"line":83,"column":30}},"42":{"start":{"line":84,"column":1},"end":{"line":84,"column":42}},"43":{"start":{"line":84,"column":15},"end":{"line":84,"column":42}},"44":{"start":{"line":85,"column":14},"end":{"line":85,"column":41}},"45":{"start":{"line":86,"column":1},"end":{"line":86,"column":21}},"46":{"start":{"line":87,"column":15},"end":{"line":87,"column":52}},"47":{"start":{"line":88,"column":1},"end":{"line":88,"column":17}},"48":{"start":{"line":97,"column":14},"end":{"line":106,"column":1}},"49":{"start":{"line":98,"column":1},"end":{"line":98,"column":35}},"50":{"start":{"line":99,"column":14},"end":{"line":99,"column":51}},"51":{"start":{"line":100,"column":1},"end":{"line":100,"column":56}},"52":{"start":{"line":100,"column":12},"end":{"line":100,"column":56}},"53":{"start":{"line":102,"column":1},"end":{"line":102,"column":125}},"54":{"start":{"line":102,"column":51},"end":{"line":102,"column":125}},"55":{"start":{"line":103,"column":1},"end":{"line":103,"column":21}},"56":{"start":{"line":104,"column":15},"end":{"line":104,"column":47}},"57":{"start":{"line":105,"column":1},"end":{"line":105,"column":33}},"58":{"start":{"line":115,"column":17},"end":{"line":123,"column":1}},"59":{"start":{"line":116,"column":1},"end":{"line":116,"column":35}},"60":{"start":{"line":118,"column":1},"end":{"line":118,"column":74}},"61":{"start":{"line":118,"column":37},"end":{"line":118,"column":74}},"62":{"start":{"line":120,"column":14},"end":{"line":120,"column":72}},"63":{"start":{"line":121,"column":15},"end":{"line":121,"column":47}},"64":{"start":{"line":122,"column":1},"end":{"line":122,"column":17}},"65":{"start":{"line":130,"column":23},"end":{"line":135,"column":1}},"66":{"start":{"line":131,"column":1},"end":{"line":131,"column":35}},"67":{"start":{"line":132,"column":14},"end":{"line":132,"column":51}},"68":{"start":{"line":133,"column":1},"end":{"line":133,"column":82}},"69":{"start":{"line":133,"column":12},"end":{"line":133,"column":82}},"70":{"start":{"line":134,"column":1},"end":{"line":134,"column":55}},"71":{"start":{"line":145,"column":22},"end":{"line":156,"column":1}},"72":{"start":{"line":146,"column":1},"end":{"line":146,"column":35}},"73":{"start":{"line":147,"column":14},"end":{"line":147,"column":51}},"74":{"start":{"line":148,"column":1},"end":{"line":148,"column":55}},"75":{"start":{"line":148,"column":12},"end":{"line":148,"column":55}},"76":{"start":{"line":150,"column":1},"end":{"line":150,"column":98}},"77":{"start":{"line":150,"column":37},"end":{"line":150,"column":98}},"78":{"start":{"line":152,"column":1},"end":{"line":152,"column":50}},"79":{"start":{"line":153,"column":21},"end":{"line":153,"column":128}},"80":{"start":{"line":154,"column":15},"end":{"line":154,"column":54}},"81":{"start":{"line":155,"column":1},"end":{"line":155,"column":33}},"82":{"start":{"line":158,"column":0},"end":{"line":166,"column":1}}},"fnMap":{"0":{"name":"(anonymous_0)","decl":{"start":{"line":8,"column":9},"end":{"line":8,"column":10}},"loc":{"start":{"line":9,"column":2},"end":{"line":11,"column":15}},"line":9},"1":{"name":"(anonymous_1)","decl":{"start":{"line":12,"column":7},"end":{"line":12,"column":8}},"loc":{"start":{"line":12,"column":15},"end":{"line":12,"column":72}},"line":12},"2":{"name":"(anonymous_2)","decl":{"start":{"line":13,"column":9},"end":{"line":13,"column":10}},"loc":{"start":{"line":13,"column":31},"end":{"line":13,"column":90}},"line":13},"3":{"name":"(anonymous_3)","decl":{"start":{"line":16,"column":21},"end":{"line":16,"column":22}},"loc":{"start":{"line":16,"column":30},"end":{"line":16,"column":50}},"line":16},"4":{"name":"(anonymous_4)","decl":{"start":{"line":24,"column":30},"end":{"line":24,"column":31}},"loc":{"start":{"line":24,"column":85},"end":{"line":33,"column":1}},"line":24},"5":{"name":"(anonymous_5)","decl":{"start":{"line":40,"column":14},"end":{"line":40,"column":15}},"loc":{"start":{"line":40,"column":38},"end":{"line":46,"column":1}},"line":40},"6":{"name":"(anonymous_6)","decl":{"start":{"line":53,"column":17},"end":{"line":53,"column":18}},"loc":{"start":{"line":53,"column":41},"end":{"line":61,"column":1}},"line":53},"7":{"name":"(anonymous_7)","decl":{"start":{"line":72,"column":15},"end":{"line":72,"column":16}},"loc":{"start":{"line":72,"column":73},"end":{"line":89,"column":1}},"line":72},"8":{"name":"(anonymous_8)","decl":{"start":{"line":97,"column":14},"end":{"line":97,"column":15}},"loc":{"start":{"line":97,"column":48},"end":{"line":106,"column":1}},"line":97},"9":{"name":"(anonymous_9)","decl":{"start":{"line":115,"column":17},"end":{"line":115,"column":18}},"loc":{"start":{"line":115,"column":59},"end":{"line":123,"column":1}},"line":115},"10":{"name":"(anonymous_10)","decl":{"start":{"line":130,"column":23},"end":{"line":130,"column":24}},"loc":{"start":{"line":130,"column":47},"end":{"line":135,"column":1}},"line":130},"11":{"name":"(anonymous_11)","decl":{"start":{"line":145,"column":22},"end":{"line":145,"column":23}},"loc":{"start":{"line":145,"column":74},"end":{"line":156,"column":1}},"line":145}},"branchMap":{"0":{"loc":{"start":{"line":24,"column":62},"end":{"line":24,"column":80}},"type":"default-arg","locations":[{"start":{"line":24,"column":75},"end":{"line":24,"column":80}}],"line":24},"1":{"loc":{"start":{"line":25,"column":14},"end":{"line":25,"column":62}},"type":"cond-expr","locations":[{"start":{"line":25,"column":36},"end":{"line":25,"column":46}},{"start":{"line":25,"column":49},"end":{"line":25,"column":62}}],"line":25},"2":{"loc":{"start":{"line":28,"column":1},"end":{"line":31,"column":39}},"type":"if","locations":[{"start":{"line":28,"column":1},"end":{"line":31,"column":39}},{"start":{"line":28,"column":1},"end":{"line":31,"column":39}}],"line":28},"3":{"loc":{"start":{"line":43,"column":1},"end":{"line":43,"column":38}},"type":"if","locations":[{"start":{"line":43,"column":1},"end":{"line":43,"column":38}},{"start":{"line":43,"column":1},"end":{"line":43,"column":38}}],"line":43},"4":{"loc":{"start":{"line":58,"column":1},"end":{"line":58,"column":28}},"type":"if","locations":[{"start":{"line":58,"column":1},"end":{"line":58,"column":28}},{"start":{"line":58,"column":1},"end":{"line":58,"column":28}}],"line":58},"5":{"loc":{"start":{"line":76,"column":1},"end":{"line":76,"column":77}},"type":"if","locations":[{"start":{"line":76,"column":1},"end":{"line":76,"column":77}},{"start":{"line":76,"column":1},"end":{"line":76,"column":77}}],"line":76},"6":{"loc":{"start":{"line":77,"column":1},"end":{"line":77,"column":74}},"type":"if","locations":[{"start":{"line":77,"column":1},"end":{"line":77,"column":74}},{"start":{"line":77,"column":1},"end":{"line":77,"column":74}}],"line":77},"7":{"loc":{"start":{"line":83,"column":1},"end":{"line":83,"column":30}},"type":"if","locations":[{"start":{"line":83,"column":1},"end":{"line":83,"column":30}},{"start":{"line":83,"column":1},"end":{"line":83,"column":30}}],"line":83},"8":{"loc":{"start":{"line":84,"column":1},"end":{"line":84,"column":42}},"type":"if","locations":[{"start":{"line":84,"column":1},"end":{"line":84,"column":42}},{"start":{"line":84,"column":1},"end":{"line":84,"column":42}}],"line":84},"9":{"loc":{"start":{"line":100,"column":1},"end":{"line":100,"column":56}},"type":"if","locations":[{"start":{"line":100,"column":1},"end":{"line":100,"column":56}},{"start":{"line":100,"column":1},"end":{"line":100,"column":56}}],"line":100},"10":{"loc":{"start":{"line":102,"column":1},"end":{"line":102,"column":125}},"type":"if","locations":[{"start":{"line":102,"column":1},"end":{"line":102,"column":125}},{"start":{"line":102,"column":1},"end":{"line":102,"column":125}}],"line":102},"11":{"loc":{"start":{"line":118,"column":1},"end":{"line":118,"column":74}},"type":"if","locations":[{"start":{"line":118,"column":1},"end":{"line":118,"column":74}},{"start":{"line":118,"column":1},"end":{"line":118,"column":74}}],"line":118},"12":{"loc":{"start":{"line":133,"column":1},"end":{"line":133,"column":82}},"type":"if","locations":[{"start":{"line":133,"column":1},"end":{"line":133,"column":82}},{"start":{"line":133,"column":1},"end":{"line":133,"column":82}}],"line":133},"13":{"loc":{"start":{"line":148,"column":1},"end":{"line":148,"column":55}},"type":"if","locations":[{"start":{"line":148,"column":1},"end":{"line":148,"column":55}},{"start":{"line":148,"column":1},"end":{"line":148,"column":55}}],"line":148},"14":{"loc":{"start":{"line":150,"column":1},"end":{"line":150,"column":98}},"type":"if","locations":[{"start":{"line":150,"column":1},"end":{"line":150,"column":98}},{"start":{"line":150,"column":1},"end":{"line":150,"column":98}}],"line":150}},"s":{"0":6,"1":6,"2":6,"3":6,"4":6,"5":9,"6":9,"7":10,"8":6,"9":9,"10":6,"11":6,"12":9,"13":9,"14":9,"15":9,"16":9,"17":9,"18":6,"19":1,"20":1,"21":1,"22":0,"23":1,"24":6,"25":6,"26":6,"27":6,"28":6,"29":0,"30":6,"31":6,"32":7,"33":7,"34":7,"35":0,"36":7,"37":0,"38":7,"39":7,"40":7,"41":7,"42":7,"43":7,"44":7,"45":7,"46":7,"47":7,"48":6,"49":1,"50":1,"51":1,"52":0,"53":1,"54":0,"55":1,"56":1,"57":1,"58":6,"59":1,"60":1,"61":0,"62":1,"63":1,"64":1,"65":6,"66":2,"67":2,"68":2,"69":0,"70":2,"71":6,"72":2,"73":2,"74":2,"75":0,"76":2,"77":0,"78":2,"79":2,"80":2,"81":2,"82":6},"f":{"0":9,"1":9,"2":10,"3":9,"4":9,"5":1,"6":6,"7":7,"8":1,"9":1,"10":2,"11":2},"b":{"0":[1],"1":[0,9],"2":[0,9],"3":[0,1],"4":[0,6],"5":[0,7],"6":[0,7],"7":[7,0],"8":[7,0],"9":[0,1],"10":[0,1],"11":[0,1],"12":[0,2],"13":[0,2],"14":[0,2]},"_coverageSchema":"1a1c01bbd47fc00a2c39e90264f33305004495a9","hash":"a18f06c3558c2af62fec1c486063d338d38d8ee8"}
,"C:\\Users\\Hossein\\workspace\\xarboilerplate\\app\\components\\auth\\auth.router.js": {"path":"C:\\Users\\Hossein\\workspace\\xarboilerplate\\app\\components\\auth\\auth.router.js","statementMap":{"0":{"start":{"line":1,"column":17},"end":{"line":1,"column":36}},"1":{"start":{"line":2,"column":15},"end":{"line":2,"column":46}},"2":{"start":{"line":3,"column":13},"end":{"line":3,"column":41}},"3":{"start":{"line":4,"column":14},"end":{"line":4,"column":41}},"4":{"start":{"line":5,"column":14},"end":{"line":5,"column":38}},"5":{"start":{"line":7,"column":0},"end":{"line":7,"column":32}},"6":{"start":{"line":9,"column":0},"end":{"line":12,"column":2}},"7":{"start":{"line":10,"column":19},"end":{"line":10,"column":27}},"8":{"start":{"line":11,"column":1},"end":{"line":11,"column":32}},"9":{"start":{"line":14,"column":0},"end":{"line":17,"column":2}},"10":{"start":{"line":15,"column":19},"end":{"line":15,"column":27}},"11":{"start":{"line":16,"column":1},"end":{"line":16,"column":35}},"12":{"start":{"line":19,"column":0},"end":{"line":22,"column":2}},"13":{"start":{"line":20,"column":53},"end":{"line":20,"column":61}},"14":{"start":{"line":21,"column":1},"end":{"line":21,"column":67}},"15":{"start":{"line":24,"column":0},"end":{"line":27,"column":2}},"16":{"start":{"line":25,"column":29},"end":{"line":25,"column":37}},"17":{"start":{"line":26,"column":1},"end":{"line":26,"column":42}},"18":{"start":{"line":29,"column":0},"end":{"line":32,"column":2}},"19":{"start":{"line":30,"column":37},"end":{"line":30,"column":45}},"20":{"start":{"line":31,"column":1},"end":{"line":31,"column":53}},"21":{"start":{"line":34,"column":0},"end":{"line":37,"column":2}},"22":{"start":{"line":35,"column":19},"end":{"line":35,"column":27}},"23":{"start":{"line":36,"column":1},"end":{"line":36,"column":41}},"24":{"start":{"line":39,"column":0},"end":{"line":42,"column":2}},"25":{"start":{"line":40,"column":47},"end":{"line":40,"column":55}},"26":{"start":{"line":41,"column":1},"end":{"line":41,"column":68}},"27":{"start":{"line":44,"column":0},"end":{"line":44,"column":37}}},"fnMap":{"0":{"name":"(anonymous_0)","decl":{"start":{"line":9,"column":35},"end":{"line":9,"column":36}},"loc":{"start":{"line":9,"column":49},"end":{"line":12,"column":1}},"line":9},"1":{"name":"(anonymous_1)","decl":{"start":{"line":14,"column":39},"end":{"line":14,"column":40}},"loc":{"start":{"line":14,"column":53},"end":{"line":17,"column":1}},"line":14},"2":{"name":"(anonymous_2)","decl":{"start":{"line":19,"column":37},"end":{"line":19,"column":38}},"loc":{"start":{"line":19,"column":51},"end":{"line":22,"column":1}},"line":19},"3":{"name":"(anonymous_3)","decl":{"start":{"line":24,"column":35},"end":{"line":24,"column":36}},"loc":{"start":{"line":24,"column":49},"end":{"line":27,"column":1}},"line":24},"4":{"name":"(anonymous_4)","decl":{"start":{"line":29,"column":42},"end":{"line":29,"column":43}},"loc":{"start":{"line":29,"column":56},"end":{"line":32,"column":1}},"line":29},"5":{"name":"(anonymous_5)","decl":{"start":{"line":34,"column":54},"end":{"line":34,"column":55}},"loc":{"start":{"line":34,"column":68},"end":{"line":37,"column":1}},"line":34},"6":{"name":"(anonymous_6)","decl":{"start":{"line":39,"column":52},"end":{"line":39,"column":53}},"loc":{"start":{"line":39,"column":66},"end":{"line":42,"column":1}},"line":39}},"branchMap":{},"s":{"0":6,"1":6,"2":6,"3":6,"4":6,"5":6,"6":6,"7":1,"8":1,"9":6,"10":6,"11":6,"12":6,"13":7,"14":7,"15":6,"16":1,"17":1,"18":6,"19":1,"20":1,"21":6,"22":2,"23":2,"24":6,"25":2,"26":2,"27":6},"f":{"0":1,"1":6,"2":7,"3":1,"4":1,"5":2,"6":2},"b":{},"_coverageSchema":"1a1c01bbd47fc00a2c39e90264f33305004495a9","hash":"a92f76fb6d1da0d80034387226f47e8cc69877a5"}
,"C:\\Users\\Hossein\\workspace\\xarboilerplate\\app\\components\\auth\\auth.validator.js": {"path":"C:\\Users\\Hossein\\workspace\\xarboilerplate\\app\\components\\auth\\auth.validator.js","statementMap":{"0":{"start":{"line":1,"column":42},"end":{"line":1,"column":70}},"1":{"start":{"line":2,"column":22},"end":{"line":2,"column":76}},"2":{"start":{"line":4,"column":14},"end":{"line":10,"column":2}},"3":{"start":{"line":12,"column":15},"end":{"line":41,"column":2}},"4":{"start":{"line":43,"column":14},"end":{"line":57,"column":2}},"5":{"start":{"line":59,"column":17},"end":{"line":78,"column":2}},"6":{"start":{"line":80,"column":23},"end":{"line":86,"column":2}},"7":{"start":{"line":88,"column":22},"end":{"line":112,"column":2}},"8":{"start":{"line":114,"column":0},"end":{"line":121,"column":1}}},"fnMap":{},"branchMap":{},"s":{"0":6,"1":6,"2":6,"3":6,"4":6,"5":6,"6":6,"7":6,"8":6},"f":{},"b":{},"_coverageSchema":"1a1c01bbd47fc00a2c39e90264f33305004495a9","hash":"66ab26eb78ec1c3706412c39e80429c9c90166d7"}
,"C:\\Users\\Hossein\\workspace\\xarboilerplate\\app\\components\\auth\\index.js": {"path":"C:\\Users\\Hossein\\workspace\\xarboilerplate\\app\\components\\auth\\index.js","statementMap":{"0":{"start":{"line":1,"column":12},"end":{"line":1,"column":32}},"1":{"start":{"line":2,"column":13},"end":{"line":2,"column":37}},"2":{"start":{"line":4,"column":0},"end":{"line":4,"column":22}},"3":{"start":{"line":6,"column":0},"end":{"line":6,"column":20}}},"fnMap":{},"branchMap":{},"s":{"0":6,"1":6,"2":6,"3":6},"f":{},"b":{},"_coverageSchema":"1a1c01bbd47fc00a2c39e90264f33305004495a9","hash":"6989515fb40d2b6fce4ea899a1a9361905ea6364"}
,"C:\\Users\\Hossein\\workspace\\xarboilerplate\\app\\components\\playlists\\index.js": {"path":"C:\\Users\\Hossein\\workspace\\xarboilerplate\\app\\components\\playlists\\index.js","statementMap":{"0":{"start":{"line":1,"column":12},"end":{"line":1,"column":32}},"1":{"start":{"line":2,"column":18},"end":{"line":2,"column":47}},"2":{"start":{"line":3,"column":21},"end":{"line":3,"column":64}},"3":{"start":{"line":5,"column":0},"end":{"line":5,"column":42}},"4":{"start":{"line":7,"column":0},"end":{"line":7,"column":20}}},"fnMap":{},"branchMap":{},"s":{"0":6,"1":6,"2":6,"3":6,"4":6},"f":{},"b":{},"_coverageSchema":"1a1c01bbd47fc00a2c39e90264f33305004495a9","hash":"a8740e1ba4f8f7bd604162d0d1cee877dacb4516"}
,"C:\\Users\\Hossein\\workspace\\xarboilerplate\\app\\components\\playlists\\playlists.controller.js": {"path":"C:\\Users\\Hossein\\workspace\\xarboilerplate\\app\\components\\playlists\\playlists.controller.js","statementMap":{"0":{"start":{"line":1,"column":18},"end":{"line":1,"column":46}},"1":{"start":{"line":2,"column":17},"end":{"line":2,"column":39}},"2":{"start":{"line":4,"column":15},"end":{"line":8,"column":1}},"3":{"start":{"line":5,"column":16},"end":{"line":5,"column":36}},"4":{"start":{"line":6,"column":17},"end":{"line":6,"column":39}},"5":{"start":{"line":7,"column":1},"end":{"line":7,"column":73}},"6":{"start":{"line":10,"column":15},"end":{"line":13,"column":1}},"7":{"start":{"line":11,"column":16},"end":{"line":11,"column":53}},"8":{"start":{"line":12,"column":1},"end":{"line":12,"column":40}},"9":{"start":{"line":15,"column":15},"end":{"line":22,"column":1}},"10":{"start":{"line":16,"column":14},"end":{"line":20,"column":2}},"11":{"start":{"line":21,"column":1},"end":{"line":21,"column":30}},"12":{"start":{"line":24,"column":15},"end":{"line":24,"column":141}},"13":{"start":{"line":24,"column":37},"end":{"line":24,"column":141}},"14":{"start":{"line":26,"column":15},"end":{"line":26,"column":84}},"15":{"start":{"line":26,"column":29},"end":{"line":26,"column":84}},"16":{"start":{"line":28,"column":0},"end":{"line":34,"column":1}}},"fnMap":{"0":{"name":"(anonymous_0)","decl":{"start":{"line":4,"column":15},"end":{"line":4,"column":16}},"loc":{"start":{"line":4,"column":38},"end":{"line":8,"column":1}},"line":4},"1":{"name":"(anonymous_1)","decl":{"start":{"line":10,"column":15},"end":{"line":10,"column":16}},"loc":{"start":{"line":10,"column":37},"end":{"line":13,"column":1}},"line":10},"2":{"name":"(anonymous_2)","decl":{"start":{"line":15,"column":15},"end":{"line":15,"column":16}},"loc":{"start":{"line":15,"column":31},"end":{"line":22,"column":1}},"line":15},"3":{"name":"(anonymous_3)","decl":{"start":{"line":24,"column":15},"end":{"line":24,"column":16}},"loc":{"start":{"line":24,"column":37},"end":{"line":24,"column":141}},"line":24},"4":{"name":"(anonymous_4)","decl":{"start":{"line":26,"column":15},"end":{"line":26,"column":16}},"loc":{"start":{"line":26,"column":29},"end":{"line":26,"column":84}},"line":26}},"branchMap":{},"s":{"0":6,"1":6,"2":6,"3":1,"4":1,"5":1,"6":6,"7":1,"8":1,"9":6,"10":1,"11":1,"12":6,"13":1,"14":6,"15":1,"16":6},"f":{"0":1,"1":1,"2":1,"3":1,"4":1},"b":{},"_coverageSchema":"1a1c01bbd47fc00a2c39e90264f33305004495a9","hash":"d38ad6fed29eb002411fc4d4ada5d9652ee37034"}
,"C:\\Users\\Hossein\\workspace\\xarboilerplate\\app\\components\\playlists\\playlists.model.js": {"path":"C:\\Users\\Hossein\\workspace\\xarboilerplate\\app\\components\\playlists\\playlists.model.js","statementMap":{"0":{"start":{"line":1,"column":17},"end":{"line":1,"column":36}},"1":{"start":{"line":2,"column":17},"end":{"line":2,"column":47}},"2":{"start":{"line":4,"column":23},"end":{"line":13,"column":1}},"3":{"start":{"line":16,"column":0},"end":{"line":16,"column":71}},"4":{"start":{"line":18,"column":18},"end":{"line":18,"column":61}},"5":{"start":{"line":19,"column":0},"end":{"line":19,"column":55}}},"fnMap":{},"branchMap":{"0":{"loc":{"start":{"line":19,"column":17},"end":{"line":19,"column":55}},"type":"binary-expr","locations":[{"start":{"line":19,"column":17},"end":{"line":19,"column":42}},{"start":{"line":19,"column":46},"end":{"line":19,"column":55}}],"line":19}},"s":{"0":6,"1":6,"2":6,"3":6,"4":6,"5":6},"f":{},"b":{"0":[6,6]},"_coverageSchema":"1a1c01bbd47fc00a2c39e90264f33305004495a9","hash":"afd5e042a34eb1dc067415ff5497bfb52791e2ea"}
,"C:\\Users\\Hossein\\workspace\\xarboilerplate\\app\\components\\playlists\\playlists.router.js": {"path":"C:\\Users\\Hossein\\workspace\\xarboilerplate\\app\\components\\playlists\\playlists.router.js","statementMap":{"0":{"start":{"line":1,"column":15},"end":{"line":1,"column":46}},"1":{"start":{"line":2,"column":18},"end":{"line":2,"column":51}},"2":{"start":{"line":3,"column":14},"end":{"line":3,"column":46}},"3":{"start":{"line":5,"column":0},"end":{"line":5,"column":32}},"4":{"start":{"line":7,"column":0},"end":{"line":11,"column":2}},"5":{"start":{"line":8,"column":21},"end":{"line":8,"column":36}},"6":{"start":{"line":9,"column":14},"end":{"line":9,"column":28}},"7":{"start":{"line":10,"column":1},"end":{"line":10,"column":43}},"8":{"start":{"line":13,"column":0},"end":{"line":17,"column":2}},"9":{"start":{"line":14,"column":24},"end":{"line":14,"column":34}},"10":{"start":{"line":15,"column":14},"end":{"line":15,"column":28}},"11":{"start":{"line":16,"column":1},"end":{"line":16,"column":42}},"12":{"start":{"line":19,"column":0},"end":{"line":23,"column":2}},"13":{"start":{"line":20,"column":14},"end":{"line":20,"column":22}},"14":{"start":{"line":21,"column":14},"end":{"line":21,"column":28}},"15":{"start":{"line":22,"column":1},"end":{"line":22,"column":36}},"16":{"start":{"line":25,"column":0},"end":{"line":29,"column":2}},"17":{"start":{"line":26,"column":24},"end":{"line":26,"column":34}},"18":{"start":{"line":27,"column":14},"end":{"line":27,"column":22}},"19":{"start":{"line":28,"column":1},"end":{"line":28,"column":42}},"20":{"start":{"line":31,"column":0},"end":{"line":34,"column":2}},"21":{"start":{"line":32,"column":24},"end":{"line":32,"column":34}},"22":{"start":{"line":33,"column":1},"end":{"line":33,"column":36}},"23":{"start":{"line":36,"column":0},"end":{"line":36,"column":37}}},"fnMap":{"0":{"name":"(anonymous_0)","decl":{"start":{"line":7,"column":16},"end":{"line":7,"column":17}},"loc":{"start":{"line":7,"column":30},"end":{"line":11,"column":1}},"line":7},"1":{"name":"(anonymous_1)","decl":{"start":{"line":13,"column":27},"end":{"line":13,"column":28}},"loc":{"start":{"line":13,"column":41},"end":{"line":17,"column":1}},"line":13},"2":{"name":"(anonymous_2)","decl":{"start":{"line":19,"column":39},"end":{"line":19,"column":40}},"loc":{"start":{"line":19,"column":53},"end":{"line":23,"column":1}},"line":19},"3":{"name":"(anonymous_3)","decl":{"start":{"line":25,"column":49},"end":{"line":25,"column":50}},"loc":{"start":{"line":25,"column":63},"end":{"line":29,"column":1}},"line":25},"4":{"name":"(anonymous_4)","decl":{"start":{"line":31,"column":52},"end":{"line":31,"column":53}},"loc":{"start":{"line":31,"column":66},"end":{"line":34,"column":1}},"line":31}},"branchMap":{},"s":{"0":6,"1":6,"2":6,"3":6,"4":6,"5":1,"6":1,"7":1,"8":6,"9":1,"10":1,"11":1,"12":6,"13":1,"14":1,"15":1,"16":6,"17":1,"18":1,"19":1,"20":6,"21":1,"22":1,"23":6},"f":{"0":1,"1":1,"2":1,"3":1,"4":1},"b":{},"_coverageSchema":"1a1c01bbd47fc00a2c39e90264f33305004495a9","hash":"45c5b14047c65e97edb423cf9c74c1cf3aeed9c5"}
,"C:\\Users\\Hossein\\workspace\\xarboilerplate\\app\\components\\playlists\\playlists.validator.js": {"path":"C:\\Users\\Hossein\\workspace\\xarboilerplate\\app\\components\\playlists\\playlists.validator.js","statementMap":{"0":{"start":{"line":1,"column":42},"end":{"line":1,"column":70}},"1":{"start":{"line":2,"column":22},"end":{"line":2,"column":76}},"2":{"start":{"line":4,"column":23},"end":{"line":15,"column":2}},"3":{"start":{"line":17,"column":23},"end":{"line":23,"column":2}},"4":{"start":{"line":25,"column":23},"end":{"line":31,"column":2}},"5":{"start":{"line":33,"column":0},"end":{"line":37,"column":1}}},"fnMap":{},"branchMap":{},"s":{"0":6,"1":6,"2":6,"3":6,"4":6,"5":6},"f":{},"b":{},"_coverageSchema":"1a1c01bbd47fc00a2c39e90264f33305004495a9","hash":"18d9ae3b82ae04db672b9ec1ead4a92bf97daae7"}
,"C:\\Users\\Hossein\\workspace\\xarboilerplate\\app\\components\\profiles\\index.js": {"path":"C:\\Users\\Hossein\\workspace\\xarboilerplate\\app\\components\\profiles\\index.js","statementMap":{"0":{"start":{"line":1,"column":12},"end":{"line":1,"column":32}},"1":{"start":{"line":2,"column":17},"end":{"line":2,"column":45}},"2":{"start":{"line":3,"column":21},"end":{"line":3,"column":64}},"3":{"start":{"line":5,"column":0},"end":{"line":5,"column":40}},"4":{"start":{"line":7,"column":0},"end":{"line":7,"column":20}}},"fnMap":{},"branchMap":{},"s":{"0":6,"1":6,"2":6,"3":6,"4":6},"f":{},"b":{},"_coverageSchema":"1a1c01bbd47fc00a2c39e90264f33305004495a9","hash":"01ee9e5804c80dfc2ff4cb111a3afbc0e6ba2b3d"}
,"C:\\Users\\Hossein\\workspace\\xarboilerplate\\app\\components\\profiles\\profiles.controller.js": {"path":"C:\\Users\\Hossein\\workspace\\xarboilerplate\\app\\components\\profiles\\profiles.controller.js","statementMap":{"0":{"start":{"line":1,"column":17},"end":{"line":1,"column":44}},"1":{"start":{"line":3,"column":19},"end":{"line":11,"column":1}},"2":{"start":{"line":4,"column":36},"end":{"line":8,"column":3}},"3":{"start":{"line":10,"column":1},"end":{"line":10,"column":36}},"4":{"start":{"line":13,"column":15},"end":{"line":13,"column":119}},"5":{"start":{"line":13,"column":37},"end":{"line":13,"column":119}},"6":{"start":{"line":15,"column":15},"end":{"line":15,"column":75}},"7":{"start":{"line":15,"column":23},"end":{"line":15,"column":75}},"8":{"start":{"line":17,"column":0},"end":{"line":21,"column":1}}},"fnMap":{"0":{"name":"(anonymous_0)","decl":{"start":{"line":3,"column":19},"end":{"line":3,"column":20}},"loc":{"start":{"line":3,"column":52},"end":{"line":11,"column":1}},"line":3},"1":{"name":"(anonymous_1)","decl":{"start":{"line":13,"column":15},"end":{"line":13,"column":16}},"loc":{"start":{"line":13,"column":37},"end":{"line":13,"column":119}},"line":13},"2":{"name":"(anonymous_2)","decl":{"start":{"line":15,"column":15},"end":{"line":15,"column":16}},"loc":{"start":{"line":15,"column":23},"end":{"line":15,"column":75}},"line":15}},"branchMap":{},"s":{"0":6,"1":6,"2":1,"3":1,"4":6,"5":1,"6":6,"7":1,"8":6},"f":{"0":1,"1":1,"2":1},"b":{},"_coverageSchema":"1a1c01bbd47fc00a2c39e90264f33305004495a9","hash":"14eaa812f5100fad267d3c36a7ab016384428526"}
,"C:\\Users\\Hossein\\workspace\\xarboilerplate\\app\\components\\profiles\\profiles.model.js": {"path":"C:\\Users\\Hossein\\workspace\\xarboilerplate\\app\\components\\profiles\\profiles.model.js","statementMap":{"0":{"start":{"line":1,"column":17},"end":{"line":1,"column":36}},"1":{"start":{"line":2,"column":15},"end":{"line":2,"column":32}},"2":{"start":{"line":3,"column":23},"end":{"line":3,"column":34}},"3":{"start":{"line":5,"column":23},"end":{"line":16,"column":1}},"4":{"start":{"line":18,"column":0},"end":{"line":20,"column":1}},"5":{"start":{"line":22,"column":0},"end":{"line":26,"column":2}},"6":{"start":{"line":23,"column":22},"end":{"line":23,"column":65}},"7":{"start":{"line":24,"column":1},"end":{"line":24,"column":82}},"8":{"start":{"line":24,"column":54},"end":{"line":24,"column":82}},"9":{"start":{"line":25,"column":1},"end":{"line":25,"column":7}},"10":{"start":{"line":28,"column":17},"end":{"line":28,"column":59}},"11":{"start":{"line":29,"column":0},"end":{"line":29,"column":25}}},"fnMap":{"0":{"name":"(anonymous_0)","decl":{"start":{"line":22,"column":27},"end":{"line":22,"column":28}},"loc":{"start":{"line":22,"column":43},"end":{"line":26,"column":1}},"line":22}},"branchMap":{"0":{"loc":{"start":{"line":24,"column":1},"end":{"line":24,"column":82}},"type":"if","locations":[{"start":{"line":24,"column":1},"end":{"line":24,"column":82}},{"start":{"line":24,"column":1},"end":{"line":24,"column":82}}],"line":24},"1":{"loc":{"start":{"line":24,"column":5},"end":{"line":24,"column":52}},"type":"binary-expr","locations":[{"start":{"line":24,"column":5},"end":{"line":24,"column":18}},{"start":{"line":24,"column":22},"end":{"line":24,"column":52}}],"line":24}},"s":{"0":6,"1":6,"2":6,"3":6,"4":6,"5":6,"6":7,"7":7,"8":7,"9":7,"10":6,"11":6},"f":{"0":7},"b":{"0":[7,0],"1":[7,7]},"_coverageSchema":"1a1c01bbd47fc00a2c39e90264f33305004495a9","hash":"eb139a99382eb746449e02687f0b6df977792118"}
,"C:\\Users\\Hossein\\workspace\\xarboilerplate\\app\\components\\profiles\\profiles.router.js": {"path":"C:\\Users\\Hossein\\workspace\\xarboilerplate\\app\\components\\profiles\\profiles.router.js","statementMap":{"0":{"start":{"line":1,"column":17},"end":{"line":1,"column":36}},"1":{"start":{"line":2,"column":17},"end":{"line":2,"column":49}},"2":{"start":{"line":3,"column":14},"end":{"line":3,"column":45}},"3":{"start":{"line":4,"column":15},"end":{"line":4,"column":46}},"4":{"start":{"line":6,"column":17},"end":{"line":6,"column":41}},"5":{"start":{"line":7,"column":14},"end":{"line":7,"column":35}},"6":{"start":{"line":9,"column":0},"end":{"line":9,"column":32}},"7":{"start":{"line":11,"column":0},"end":{"line":14,"column":2}},"8":{"start":{"line":12,"column":14},"end":{"line":12,"column":28}},"9":{"start":{"line":13,"column":1},"end":{"line":13,"column":50}},"10":{"start":{"line":16,"column":0},"end":{"line":20,"column":2}},"11":{"start":{"line":17,"column":14},"end":{"line":17,"column":28}},"12":{"start":{"line":18,"column":14},"end":{"line":18,"column":22}},"13":{"start":{"line":19,"column":1},"end":{"line":19,"column":35}},"14":{"start":{"line":22,"column":0},"end":{"line":25,"column":2}},"15":{"start":{"line":23,"column":14},"end":{"line":23,"column":28}},"16":{"start":{"line":24,"column":1},"end":{"line":24,"column":29}},"17":{"start":{"line":27,"column":0},"end":{"line":27,"column":37}}},"fnMap":{"0":{"name":"(anonymous_0)","decl":{"start":{"line":11,"column":16},"end":{"line":11,"column":17}},"loc":{"start":{"line":11,"column":30},"end":{"line":14,"column":1}},"line":11},"1":{"name":"(anonymous_1)","decl":{"start":{"line":16,"column":37},"end":{"line":16,"column":38}},"loc":{"start":{"line":16,"column":51},"end":{"line":20,"column":1}},"line":16},"2":{"name":"(anonymous_2)","decl":{"start":{"line":22,"column":19},"end":{"line":22,"column":20}},"loc":{"start":{"line":22,"column":33},"end":{"line":25,"column":1}},"line":22}},"branchMap":{},"s":{"0":6,"1":6,"2":6,"3":6,"4":6,"5":6,"6":6,"7":6,"8":1,"9":1,"10":6,"11":1,"12":1,"13":1,"14":6,"15":1,"16":1,"17":6},"f":{"0":1,"1":1,"2":1},"b":{},"_coverageSchema":"1a1c01bbd47fc00a2c39e90264f33305004495a9","hash":"6cad97320fbc4aea5f9f0819b528d955b7a8e8d3"}
,"C:\\Users\\Hossein\\workspace\\xarboilerplate\\app\\components\\profiles\\profiles.validator.js": {"path":"C:\\Users\\Hossein\\workspace\\xarboilerplate\\app\\components\\profiles\\profiles.validator.js","statementMap":{"0":{"start":{"line":1,"column":42},"end":{"line":1,"column":70}},"1":{"start":{"line":2,"column":22},"end":{"line":2,"column":76}},"2":{"start":{"line":4,"column":22},"end":{"line":29,"column":2}},"3":{"start":{"line":31,"column":0},"end":{"line":33,"column":1}}},"fnMap":{},"branchMap":{},"s":{"0":6,"1":6,"2":6,"3":6},"f":{},"b":{},"_coverageSchema":"1a1c01bbd47fc00a2c39e90264f33305004495a9","hash":"db9f846978b90bedb9fa8419690b94fee9ce8d36"}
,"C:\\Users\\Hossein\\workspace\\xarboilerplate\\app\\components\\projects\\index.js": {"path":"C:\\Users\\Hossein\\workspace\\xarboilerplate\\app\\components\\projects\\index.js","statementMap":{"0":{"start":{"line":1,"column":12},"end":{"line":1,"column":32}},"1":{"start":{"line":2,"column":21},"end":{"line":2,"column":64}},"2":{"start":{"line":3,"column":17},"end":{"line":3,"column":44}},"3":{"start":{"line":5,"column":0},"end":{"line":5,"column":40}},"4":{"start":{"line":7,"column":0},"end":{"line":7,"column":20}}},"fnMap":{},"branchMap":{},"s":{"0":6,"1":6,"2":6,"3":6,"4":6},"f":{},"b":{},"_coverageSchema":"1a1c01bbd47fc00a2c39e90264f33305004495a9","hash":"baba9a45dc7c36e58de49920ff571d1f087f1b61"}
,"C:\\Users\\Hossein\\workspace\\xarboilerplate\\app\\components\\projects\\project.router.js": {"path":"C:\\Users\\Hossein\\workspace\\xarboilerplate\\app\\components\\projects\\project.router.js","statementMap":{"0":{"start":{"line":1,"column":15},"end":{"line":1,"column":46}},"1":{"start":{"line":2,"column":17},"end":{"line":2,"column":49}},"2":{"start":{"line":3,"column":14},"end":{"line":3,"column":44}},"3":{"start":{"line":5,"column":0},"end":{"line":5,"column":32}},"4":{"start":{"line":7,"column":0},"end":{"line":11,"column":2}},"5":{"start":{"line":8,"column":21},"end":{"line":8,"column":36}},"6":{"start":{"line":9,"column":14},"end":{"line":9,"column":28}},"7":{"start":{"line":10,"column":1},"end":{"line":10,"column":42}},"8":{"start":{"line":13,"column":0},"end":{"line":17,"column":2}},"9":{"start":{"line":14,"column":14},"end":{"line":14,"column":22}},"10":{"start":{"line":15,"column":14},"end":{"line":15,"column":28}},"11":{"start":{"line":16,"column":1},"end":{"line":16,"column":35}},"12":{"start":{"line":19,"column":0},"end":{"line":23,"column":2}},"13":{"start":{"line":20,"column":23},"end":{"line":20,"column":33}},"14":{"start":{"line":21,"column":14},"end":{"line":21,"column":22}},"15":{"start":{"line":22,"column":1},"end":{"line":22,"column":40}},"16":{"start":{"line":25,"column":0},"end":{"line":28,"column":2}},"17":{"start":{"line":26,"column":23},"end":{"line":26,"column":33}},"18":{"start":{"line":27,"column":1},"end":{"line":27,"column":34}},"19":{"start":{"line":30,"column":0},"end":{"line":30,"column":37}}},"fnMap":{"0":{"name":"(anonymous_0)","decl":{"start":{"line":7,"column":16},"end":{"line":7,"column":17}},"loc":{"start":{"line":7,"column":30},"end":{"line":11,"column":1}},"line":7},"1":{"name":"(anonymous_1)","decl":{"start":{"line":13,"column":38},"end":{"line":13,"column":39}},"loc":{"start":{"line":13,"column":52},"end":{"line":17,"column":1}},"line":13},"2":{"name":"(anonymous_2)","decl":{"start":{"line":19,"column":47},"end":{"line":19,"column":48}},"loc":{"start":{"line":19,"column":61},"end":{"line":23,"column":1}},"line":19},"3":{"name":"(anonymous_3)","decl":{"start":{"line":25,"column":50},"end":{"line":25,"column":51}},"loc":{"start":{"line":25,"column":64},"end":{"line":28,"column":1}},"line":25}},"branchMap":{},"s":{"0":6,"1":6,"2":6,"3":6,"4":6,"5":1,"6":1,"7":1,"8":6,"9":3,"10":3,"11":3,"12":6,"13":1,"14":1,"15":1,"16":6,"17":1,"18":1,"19":6},"f":{"0":1,"1":3,"2":1,"3":1},"b":{},"_coverageSchema":"1a1c01bbd47fc00a2c39e90264f33305004495a9","hash":"cce3c9e1b743874f8ef7dd5d24525d90d19db4f7"}
,"C:\\Users\\Hossein\\workspace\\xarboilerplate\\app\\components\\projects\\project.validator.js": {"path":"C:\\Users\\Hossein\\workspace\\xarboilerplate\\app\\components\\projects\\project.validator.js","statementMap":{"0":{"start":{"line":1,"column":42},"end":{"line":1,"column":70}},"1":{"start":{"line":2,"column":22},"end":{"line":2,"column":76}},"2":{"start":{"line":4,"column":22},"end":{"line":15,"column":2}},"3":{"start":{"line":17,"column":22},"end":{"line":33,"column":2}},"4":{"start":{"line":35,"column":22},"end":{"line":41,"column":2}},"5":{"start":{"line":43,"column":0},"end":{"line":47,"column":1}}},"fnMap":{},"branchMap":{},"s":{"0":6,"1":6,"2":6,"3":6,"4":6,"5":6},"f":{},"b":{},"_coverageSchema":"1a1c01bbd47fc00a2c39e90264f33305004495a9","hash":"a8c14dfff297b3ef7488127e9397c88fb276728b"}
,"C:\\Users\\Hossein\\workspace\\xarboilerplate\\app\\components\\projects\\projects.controller.js": {"path":"C:\\Users\\Hossein\\workspace\\xarboilerplate\\app\\components\\projects\\projects.controller.js","statementMap":{"0":{"start":{"line":1,"column":17},"end":{"line":1,"column":44}},"1":{"start":{"line":2,"column":17},"end":{"line":2,"column":39}},"2":{"start":{"line":4,"column":15},"end":{"line":7,"column":1}},"3":{"start":{"line":5,"column":16},"end":{"line":5,"column":36}},"4":{"start":{"line":6,"column":1},"end":{"line":6,"column":63}},"5":{"start":{"line":9,"column":15},"end":{"line":16,"column":1}},"6":{"start":{"line":10,"column":17},"end":{"line":13,"column":2}},"7":{"start":{"line":14,"column":16},"end":{"line":14,"column":46}},"8":{"start":{"line":15,"column":1},"end":{"line":15,"column":19}},"9":{"start":{"line":18,"column":15},"end":{"line":18,"column":119}},"10":{"start":{"line":18,"column":36},"end":{"line":18,"column":119}},"11":{"start":{"line":20,"column":15},"end":{"line":20,"column":81}},"12":{"start":{"line":20,"column":28},"end":{"line":20,"column":81}},"13":{"start":{"line":22,"column":0},"end":{"line":27,"column":1}}},"fnMap":{"0":{"name":"(anonymous_0)","decl":{"start":{"line":4,"column":15},"end":{"line":4,"column":16}},"loc":{"start":{"line":4,"column":38},"end":{"line":7,"column":1}},"line":4},"1":{"name":"(anonymous_1)","decl":{"start":{"line":9,"column":15},"end":{"line":9,"column":16}},"loc":{"start":{"line":9,"column":37},"end":{"line":16,"column":1}},"line":9},"2":{"name":"(anonymous_2)","decl":{"start":{"line":18,"column":15},"end":{"line":18,"column":16}},"loc":{"start":{"line":18,"column":36},"end":{"line":18,"column":119}},"line":18},"3":{"name":"(anonymous_3)","decl":{"start":{"line":20,"column":15},"end":{"line":20,"column":16}},"loc":{"start":{"line":20,"column":28},"end":{"line":20,"column":81}},"line":20}},"branchMap":{},"s":{"0":6,"1":6,"2":6,"3":1,"4":1,"5":6,"6":3,"7":3,"8":3,"9":6,"10":1,"11":6,"12":1,"13":6},"f":{"0":1,"1":3,"2":1,"3":1},"b":{},"_coverageSchema":"1a1c01bbd47fc00a2c39e90264f33305004495a9","hash":"fc0350b3349a142ec7594a162148f8abf5657046"}
,"C:\\Users\\Hossein\\workspace\\xarboilerplate\\app\\components\\projects\\projects.model.js": {"path":"C:\\Users\\Hossein\\workspace\\xarboilerplate\\app\\components\\projects\\projects.model.js","statementMap":{"0":{"start":{"line":1,"column":17},"end":{"line":1,"column":36}},"1":{"start":{"line":2,"column":17},"end":{"line":2,"column":47}},"2":{"start":{"line":4,"column":22},"end":{"line":14,"column":1}},"3":{"start":{"line":16,"column":17},"end":{"line":16,"column":58}},"4":{"start":{"line":17,"column":0},"end":{"line":17,"column":53}}},"fnMap":{},"branchMap":{"0":{"loc":{"start":{"line":17,"column":17},"end":{"line":17,"column":53}},"type":"binary-expr","locations":[{"start":{"line":17,"column":17},"end":{"line":17,"column":41}},{"start":{"line":17,"column":45},"end":{"line":17,"column":53}}],"line":17}},"s":{"0":6,"1":6,"2":6,"3":6,"4":6},"f":{},"b":{"0":[6,6]},"_coverageSchema":"1a1c01bbd47fc00a2c39e90264f33305004495a9","hash":"05c0cb6a824aa669d65dbde55e05a159266cd8ec"}
,"C:\\Users\\Hossein\\workspace\\xarboilerplate\\app\\components\\search\\index.js": {"path":"C:\\Users\\Hossein\\workspace\\xarboilerplate\\app\\components\\search\\index.js","statementMap":{"0":{"start":{"line":1,"column":12},"end":{"line":1,"column":32}},"1":{"start":{"line":2,"column":15},"end":{"line":2,"column":41}},"2":{"start":{"line":4,"column":0},"end":{"line":4,"column":33}},"3":{"start":{"line":6,"column":0},"end":{"line":6,"column":20}}},"fnMap":{},"branchMap":{},"s":{"0":6,"1":6,"2":6,"3":6},"f":{},"b":{},"_coverageSchema":"1a1c01bbd47fc00a2c39e90264f33305004495a9","hash":"efab919a027624e0eed508258388aa35df7e3968"}
,"C:\\Users\\Hossein\\workspace\\xarboilerplate\\app\\components\\search\\search.controller.js": {"path":"C:\\Users\\Hossein\\workspace\\xarboilerplate\\app\\components\\search\\search.controller.js","statementMap":{"0":{"start":{"line":1,"column":15},"end":{"line":1,"column":47}},"1":{"start":{"line":3,"column":15},"end":{"line":3,"column":54}},"2":{"start":{"line":3,"column":29},"end":{"line":3,"column":54}},"3":{"start":{"line":5,"column":0},"end":{"line":7,"column":1}}},"fnMap":{"0":{"name":"(anonymous_0)","decl":{"start":{"line":3,"column":15},"end":{"line":3,"column":16}},"loc":{"start":{"line":3,"column":29},"end":{"line":3,"column":54}},"line":3}},"branchMap":{},"s":{"0":6,"1":6,"2":2,"3":6},"f":{"0":2},"b":{},"_coverageSchema":"1a1c01bbd47fc00a2c39e90264f33305004495a9","hash":"3b9a1c1804c5fbd10f84a0f1fff880037b99212f"}
,"C:\\Users\\Hossein\\workspace\\xarboilerplate\\app\\components\\search\\search.router.js": {"path":"C:\\Users\\Hossein\\workspace\\xarboilerplate\\app\\components\\search\\search.router.js","statementMap":{"0":{"start":{"line":1,"column":15},"end":{"line":1,"column":46}},"1":{"start":{"line":2,"column":14},"end":{"line":2,"column":43}},"2":{"start":{"line":3,"column":15},"end":{"line":3,"column":45}},"3":{"start":{"line":5,"column":0},"end":{"line":5,"column":32}},"4":{"start":{"line":7,"column":0},"end":{"line":10,"column":2}},"5":{"start":{"line":8,"column":24},"end":{"line":8,"column":33}},"6":{"start":{"line":9,"column":1},"end":{"line":9,"column":33}},"7":{"start":{"line":12,"column":0},"end":{"line":12,"column":37}}},"fnMap":{"0":{"name":"(anonymous_0)","decl":{"start":{"line":7,"column":30},"end":{"line":7,"column":31}},"loc":{"start":{"line":7,"column":50},"end":{"line":10,"column":1}},"line":7}},"branchMap":{},"s":{"0":6,"1":6,"2":6,"3":6,"4":6,"5":2,"6":2,"7":6},"f":{"0":2},"b":{},"_coverageSchema":"1a1c01bbd47fc00a2c39e90264f33305004495a9","hash":"a8516a55989d4b14a287f31a82c40995310b608f"}
,"C:\\Users\\Hossein\\workspace\\xarboilerplate\\app\\components\\search\\search.validator.js": {"path":"C:\\Users\\Hossein\\workspace\\xarboilerplate\\app\\components\\search\\search.validator.js","statementMap":{"0":{"start":{"line":1,"column":42},"end":{"line":1,"column":70}},"1":{"start":{"line":2,"column":22},"end":{"line":2,"column":76}},"2":{"start":{"line":4,"column":15},"end":{"line":10,"column":2}},"3":{"start":{"line":12,"column":0},"end":{"line":14,"column":1}}},"fnMap":{},"branchMap":{},"s":{"0":6,"1":6,"2":6,"3":6},"f":{},"b":{},"_coverageSchema":"1a1c01bbd47fc00a2c39e90264f33305004495a9","hash":"cb229643e7c33369ac89efeffbc5e4a7a892b0e9"}
,"C:\\Users\\Hossein\\workspace\\xarboilerplate\\app\\components\\tasks\\index.js": {"path":"C:\\Users\\Hossein\\workspace\\xarboilerplate\\app\\components\\tasks\\index.js","statementMap":{"0":{"start":{"line":1,"column":12},"end":{"line":1,"column":32}},"1":{"start":{"line":2,"column":21},"end":{"line":2,"column":64}},"2":{"start":{"line":3,"column":14},"end":{"line":3,"column":39}},"3":{"start":{"line":5,"column":0},"end":{"line":5,"column":34}},"4":{"start":{"line":7,"column":0},"end":{"line":7,"column":20}}},"fnMap":{},"branchMap":{},"s":{"0":6,"1":6,"2":6,"3":6,"4":6},"f":{},"b":{},"_coverageSchema":"1a1c01bbd47fc00a2c39e90264f33305004495a9","hash":"6684f4ec0e858ce0e7f75b1e6497073d9d29d81d"}
,"C:\\Users\\Hossein\\workspace\\xarboilerplate\\app\\components\\tasks\\tasks.controller.js": {"path":"C:\\Users\\Hossein\\workspace\\xarboilerplate\\app\\components\\tasks\\tasks.controller.js","statementMap":{"0":{"start":{"line":1,"column":14},"end":{"line":1,"column":38}},"1":{"start":{"line":2,"column":17},"end":{"line":2,"column":39}},"2":{"start":{"line":4,"column":15},"end":{"line":7,"column":1}},"3":{"start":{"line":5,"column":16},"end":{"line":5,"column":29}},"4":{"start":{"line":6,"column":1},"end":{"line":6,"column":60}},"5":{"start":{"line":9,"column":15},"end":{"line":9,"column":62}},"6":{"start":{"line":9,"column":25},"end":{"line":9,"column":62}},"7":{"start":{"line":11,"column":15},"end":{"line":17,"column":1}},"8":{"start":{"line":12,"column":14},"end":{"line":15,"column":2}},"9":{"start":{"line":16,"column":1},"end":{"line":16,"column":26}},"10":{"start":{"line":19,"column":15},"end":{"line":19,"column":110}},"11":{"start":{"line":19,"column":33},"end":{"line":19,"column":110}},"12":{"start":{"line":21,"column":15},"end":{"line":21,"column":72}},"13":{"start":{"line":21,"column":25},"end":{"line":21,"column":72}},"14":{"start":{"line":23,"column":0},"end":{"line":29,"column":1}}},"fnMap":{"0":{"name":"(anonymous_0)","decl":{"start":{"line":4,"column":15},"end":{"line":4,"column":16}},"loc":{"start":{"line":4,"column":43},"end":{"line":7,"column":1}},"line":4},"1":{"name":"(anonymous_1)","decl":{"start":{"line":9,"column":15},"end":{"line":9,"column":16}},"loc":{"start":{"line":9,"column":25},"end":{"line":9,"column":62}},"line":9},"2":{"name":"(anonymous_2)","decl":{"start":{"line":11,"column":15},"end":{"line":11,"column":16}},"loc":{"start":{"line":11,"column":36},"end":{"line":17,"column":1}},"line":11},"3":{"name":"(anonymous_3)","decl":{"start":{"line":19,"column":15},"end":{"line":19,"column":16}},"loc":{"start":{"line":19,"column":33},"end":{"line":19,"column":110}},"line":19},"4":{"name":"(anonymous_4)","decl":{"start":{"line":21,"column":15},"end":{"line":21,"column":16}},"loc":{"start":{"line":21,"column":25},"end":{"line":21,"column":72}},"line":21}},"branchMap":{},"s":{"0":6,"1":6,"2":6,"3":1,"4":1,"5":6,"6":1,"7":6,"8":2,"9":2,"10":6,"11":1,"12":6,"13":1,"14":6},"f":{"0":1,"1":1,"2":2,"3":1,"4":1},"b":{},"_coverageSchema":"1a1c01bbd47fc00a2c39e90264f33305004495a9","hash":"34a8990184fc092be3e4b2c88fdb143057e0d469"}
,"C:\\Users\\Hossein\\workspace\\xarboilerplate\\app\\components\\tasks\\tasks.model.js": {"path":"C:\\Users\\Hossein\\workspace\\xarboilerplate\\app\\components\\tasks\\tasks.model.js","statementMap":{"0":{"start":{"line":1,"column":17},"end":{"line":1,"column":36}},"1":{"start":{"line":2,"column":17},"end":{"line":2,"column":47}},"2":{"start":{"line":4,"column":14},"end":{"line":4,"column":56}},"3":{"start":{"line":6,"column":21},"end":{"line":21,"column":1}},"4":{"start":{"line":23,"column":14},"end":{"line":23,"column":51}},"5":{"start":{"line":24,"column":0},"end":{"line":24,"column":47}}},"fnMap":{},"branchMap":{"0":{"loc":{"start":{"line":24,"column":17},"end":{"line":24,"column":47}},"type":"binary-expr","locations":[{"start":{"line":24,"column":17},"end":{"line":24,"column":38}},{"start":{"line":24,"column":42},"end":{"line":24,"column":47}}],"line":24}},"s":{"0":6,"1":6,"2":6,"3":6,"4":6,"5":6},"f":{},"b":{"0":[6,6]},"_coverageSchema":"1a1c01bbd47fc00a2c39e90264f33305004495a9","hash":"f14cf0abfd9576fb17164752a95e616af8c59a85"}
,"C:\\Users\\Hossein\\workspace\\xarboilerplate\\app\\components\\tasks\\tasks.router.js": {"path":"C:\\Users\\Hossein\\workspace\\xarboilerplate\\app\\components\\tasks\\tasks.router.js","statementMap":{"0":{"start":{"line":1,"column":15},"end":{"line":1,"column":46}},"1":{"start":{"line":2,"column":14},"end":{"line":2,"column":43}},"2":{"start":{"line":3,"column":14},"end":{"line":3,"column":42}},"3":{"start":{"line":5,"column":0},"end":{"line":5,"column":32}},"4":{"start":{"line":7,"column":0},"end":{"line":11,"column":2}},"5":{"start":{"line":8,"column":21},"end":{"line":8,"column":36}},"6":{"start":{"line":9,"column":23},"end":{"line":9,"column":33}},"7":{"start":{"line":10,"column":1},"end":{"line":10,"column":44}},"8":{"start":{"line":13,"column":0},"end":{"line":16,"column":2}},"9":{"start":{"line":14,"column":20},"end":{"line":14,"column":30}},"10":{"start":{"line":15,"column":1},"end":{"line":15,"column":28}},"11":{"start":{"line":18,"column":0},"end":{"line":22,"column":2}},"12":{"start":{"line":19,"column":14},"end":{"line":19,"column":22}},"13":{"start":{"line":20,"column":23},"end":{"line":20,"column":33}},"14":{"start":{"line":21,"column":1},"end":{"line":21,"column":37}},"15":{"start":{"line":24,"column":0},"end":{"line":28,"column":2}},"16":{"start":{"line":25,"column":20},"end":{"line":25,"column":30}},"17":{"start":{"line":26,"column":14},"end":{"line":26,"column":22}},"18":{"start":{"line":27,"column":1},"end":{"line":27,"column":34}},"19":{"start":{"line":30,"column":0},"end":{"line":33,"column":2}},"20":{"start":{"line":31,"column":20},"end":{"line":31,"column":30}},"21":{"start":{"line":32,"column":1},"end":{"line":32,"column":28}},"22":{"start":{"line":35,"column":0},"end":{"line":35,"column":37}}},"fnMap":{"0":{"name":"(anonymous_0)","decl":{"start":{"line":7,"column":34},"end":{"line":7,"column":35}},"loc":{"start":{"line":7,"column":48},"end":{"line":11,"column":1}},"line":7},"1":{"name":"(anonymous_1)","decl":{"start":{"line":13,"column":37},"end":{"line":13,"column":38}},"loc":{"start":{"line":13,"column":51},"end":{"line":16,"column":1}},"line":13},"2":{"name":"(anonymous_2)","decl":{"start":{"line":18,"column":53},"end":{"line":18,"column":54}},"loc":{"start":{"line":18,"column":67},"end":{"line":22,"column":1}},"line":18},"3":{"name":"(anonymous_3)","decl":{"start":{"line":24,"column":41},"end":{"line":24,"column":42}},"loc":{"start":{"line":24,"column":55},"end":{"line":28,"column":1}},"line":24},"4":{"name":"(anonymous_4)","decl":{"start":{"line":30,"column":44},"end":{"line":30,"column":45}},"loc":{"start":{"line":30,"column":58},"end":{"line":33,"column":1}},"line":30}},"branchMap":{},"s":{"0":6,"1":6,"2":6,"3":6,"4":6,"5":1,"6":1,"7":1,"8":6,"9":1,"10":1,"11":6,"12":2,"13":2,"14":2,"15":6,"16":1,"17":1,"18":1,"19":6,"20":1,"21":1,"22":6},"f":{"0":1,"1":1,"2":2,"3":1,"4":1},"b":{},"_coverageSchema":"1a1c01bbd47fc00a2c39e90264f33305004495a9","hash":"ed0cf36fa9e16c0f46f237dd7280ca430ba3dccf"}
,"C:\\Users\\Hossein\\workspace\\xarboilerplate\\app\\components\\tasks\\tasks.validator.js": {"path":"C:\\Users\\Hossein\\workspace\\xarboilerplate\\app\\components\\tasks\\tasks.validator.js","statementMap":{"0":{"start":{"line":1,"column":42},"end":{"line":1,"column":70}},"1":{"start":{"line":2,"column":22},"end":{"line":2,"column":76}},"2":{"start":{"line":4,"column":15},"end":{"line":10,"column":2}},"3":{"start":{"line":12,"column":19},"end":{"line":43,"column":2}},"4":{"start":{"line":45,"column":19},"end":{"line":76,"column":2}},"5":{"start":{"line":78,"column":19},"end":{"line":84,"column":2}},"6":{"start":{"line":86,"column":0},"end":{"line":91,"column":1}}},"fnMap":{},"branchMap":{},"s":{"0":6,"1":6,"2":6,"3":6,"4":6,"5":6,"6":6},"f":{},"b":{},"_coverageSchema":"1a1c01bbd47fc00a2c39e90264f33305004495a9","hash":"f40b4256cef18b0c37847d6c54d1b62ac1e24491"}
,"C:\\Users\\Hossein\\workspace\\xarboilerplate\\app\\services\\itunes\\index.js": {"path":"C:\\Users\\Hossein\\workspace\\xarboilerplate\\app\\services\\itunes\\index.js","statementMap":{"0":{"start":{"line":1,"column":19},"end":{"line":1,"column":40}},"1":{"start":{"line":3,"column":19},"end":{"line":3,"column":45}},"2":{"start":{"line":5,"column":22},"end":{"line":15,"column":1}},"3":{"start":{"line":6,"column":13},"end":{"line":6,"column":73}},"4":{"start":{"line":8,"column":15},"end":{"line":8,"column":40}},"5":{"start":{"line":10,"column":1},"end":{"line":10,"column":83}},"6":{"start":{"line":10,"column":29},"end":{"line":10,"column":83}},"7":{"start":{"line":12,"column":1},"end":{"line":12,"column":35}},"8":{"start":{"line":13,"column":19},"end":{"line":13,"column":67}},"9":{"start":{"line":13,"column":45},"end":{"line":13,"column":56}},"10":{"start":{"line":14,"column":1},"end":{"line":14,"column":47}},"11":{"start":{"line":17,"column":21},"end":{"line":31,"column":1}},"12":{"start":{"line":18,"column":13},"end":{"line":18,"column":81}},"13":{"start":{"line":19,"column":14},"end":{"line":19,"column":39}},"14":{"start":{"line":20,"column":1},"end":{"line":20,"column":81}},"15":{"start":{"line":20,"column":28},"end":{"line":20,"column":81}},"16":{"start":{"line":22,"column":1},"end":{"line":22,"column":33}},"17":{"start":{"line":23,"column":1},"end":{"line":23,"column":74}},"18":{"start":{"line":23,"column":41},"end":{"line":23,"column":73}},"19":{"start":{"line":25,"column":18},"end":{"line":28,"column":12}},"20":{"start":{"line":26,"column":13},"end":{"line":26,"column":46}},"21":{"start":{"line":30,"column":1},"end":{"line":30,"column":36}},"22":{"start":{"line":33,"column":20},"end":{"line":47,"column":1}},"23":{"start":{"line":34,"column":13},"end":{"line":34,"column":62}},"24":{"start":{"line":35,"column":14},"end":{"line":35,"column":39}},"25":{"start":{"line":36,"column":1},"end":{"line":36,"column":81}},"26":{"start":{"line":36,"column":28},"end":{"line":36,"column":81}},"27":{"start":{"line":38,"column":1},"end":{"line":38,"column":33}},"28":{"start":{"line":39,"column":1},"end":{"line":39,"column":24}},"29":{"start":{"line":40,"column":17},"end":{"line":40,"column":19}},"30":{"start":{"line":41,"column":1},"end":{"line":44,"column":3}},"31":{"start":{"line":42,"column":2},"end":{"line":43,"column":40}},"32":{"start":{"line":42,"column":38},"end":{"line":42,"column":68}},"33":{"start":{"line":43,"column":7},"end":{"line":43,"column":40}},"34":{"start":{"line":46,"column":1},"end":{"line":46,"column":17}},"35":{"start":{"line":49,"column":15},"end":{"line":70,"column":1}},"36":{"start":{"line":50,"column":1},"end":{"line":50,"column":27}},"37":{"start":{"line":50,"column":18},"end":{"line":50,"column":27}},"38":{"start":{"line":52,"column":32},"end":{"line":52,"column":63}},"39":{"start":{"line":54,"column":30},"end":{"line":54,"column":59}},"40":{"start":{"line":56,"column":20},"end":{"line":56,"column":47}},"41":{"start":{"line":59,"column":1},"end":{"line":61,"column":3}},"42":{"start":{"line":60,"column":2},"end":{"line":60,"column":126}},"43":{"start":{"line":60,"column":75},"end":{"line":60,"column":126}},"44":{"start":{"line":64,"column":1},"end":{"line":67,"column":3}},"45":{"start":{"line":65,"column":23},"end":{"line":65,"column":81}},"46":{"start":{"line":65,"column":46},"end":{"line":65,"column":80}},"47":{"start":{"line":66,"column":2},"end":{"line":66,"column":59}},"48":{"start":{"line":66,"column":20},"end":{"line":66,"column":59}},"49":{"start":{"line":69,"column":1},"end":{"line":69,"column":15}},"50":{"start":{"line":72,"column":0},"end":{"line":77,"column":2}}},"fnMap":{"0":{"name":"(anonymous_0)","decl":{"start":{"line":5,"column":22},"end":{"line":5,"column":23}},"loc":{"start":{"line":5,"column":42},"end":{"line":15,"column":1}},"line":5},"1":{"name":"(anonymous_1)","decl":{"start":{"line":13,"column":39},"end":{"line":13,"column":40}},"loc":{"start":{"line":13,"column":45},"end":{"line":13,"column":56}},"line":13},"2":{"name":"(anonymous_2)","decl":{"start":{"line":17,"column":21},"end":{"line":17,"column":22}},"loc":{"start":{"line":17,"column":40},"end":{"line":31,"column":1}},"line":17},"3":{"name":"(anonymous_3)","decl":{"start":{"line":23,"column":32},"end":{"line":23,"column":33}},"loc":{"start":{"line":23,"column":41},"end":{"line":23,"column":73}},"line":23},"4":{"name":"(anonymous_4)","decl":{"start":{"line":26,"column":7},"end":{"line":26,"column":8}},"loc":{"start":{"line":26,"column":13},"end":{"line":26,"column":46}},"line":26},"5":{"name":"(anonymous_5)","decl":{"start":{"line":33,"column":20},"end":{"line":33,"column":21}},"loc":{"start":{"line":33,"column":38},"end":{"line":47,"column":1}},"line":33},"6":{"name":"(anonymous_6)","decl":{"start":{"line":41,"column":16},"end":{"line":41,"column":17}},"loc":{"start":{"line":41,"column":21},"end":{"line":44,"column":2}},"line":41},"7":{"name":"(anonymous_7)","decl":{"start":{"line":49,"column":15},"end":{"line":49,"column":16}},"loc":{"start":{"line":49,"column":35},"end":{"line":70,"column":1}},"line":49},"8":{"name":"(anonymous_8)","decl":{"start":{"line":59,"column":16},"end":{"line":59,"column":17}},"loc":{"start":{"line":59,"column":32},"end":{"line":61,"column":2}},"line":59},"9":{"name":"(anonymous_9)","decl":{"start":{"line":64,"column":17},"end":{"line":64,"column":18}},"loc":{"start":{"line":64,"column":36},"end":{"line":67,"column":2}},"line":64},"10":{"name":"(anonymous_10)","decl":{"start":{"line":65,"column":37},"end":{"line":65,"column":38}},"loc":{"start":{"line":65,"column":46},"end":{"line":65,"column":80}},"line":65}},"branchMap":{"0":{"loc":{"start":{"line":10,"column":1},"end":{"line":10,"column":83}},"type":"if","locations":[{"start":{"line":10,"column":1},"end":{"line":10,"column":83}},{"start":{"line":10,"column":1},"end":{"line":10,"column":83}}],"line":10},"1":{"loc":{"start":{"line":20,"column":1},"end":{"line":20,"column":81}},"type":"if","locations":[{"start":{"line":20,"column":1},"end":{"line":20,"column":81}},{"start":{"line":20,"column":1},"end":{"line":20,"column":81}}],"line":20},"2":{"loc":{"start":{"line":36,"column":1},"end":{"line":36,"column":81}},"type":"if","locations":[{"start":{"line":36,"column":1},"end":{"line":36,"column":81}},{"start":{"line":36,"column":1},"end":{"line":36,"column":81}}],"line":36},"3":{"loc":{"start":{"line":42,"column":2},"end":{"line":43,"column":40}},"type":"if","locations":[{"start":{"line":42,"column":2},"end":{"line":43,"column":40}},{"start":{"line":42,"column":2},"end":{"line":43,"column":40}}],"line":42},"4":{"loc":{"start":{"line":50,"column":1},"end":{"line":50,"column":27}},"type":"if","locations":[{"start":{"line":50,"column":1},"end":{"line":50,"column":27}},{"start":{"line":50,"column":1},"end":{"line":50,"column":27}}],"line":50},"5":{"loc":{"start":{"line":60,"column":2},"end":{"line":60,"column":126}},"type":"if","locations":[{"start":{"line":60,"column":2},"end":{"line":60,"column":126}},{"start":{"line":60,"column":2},"end":{"line":60,"column":126}}],"line":60},"6":{"loc":{"start":{"line":60,"column":6},"end":{"line":60,"column":73}},"type":"binary-expr","locations":[{"start":{"line":60,"column":6},"end":{"line":60,"column":34}},{"start":{"line":60,"column":38},"end":{"line":60,"column":73}}],"line":60},"7":{"loc":{"start":{"line":66,"column":2},"end":{"line":66,"column":59}},"type":"if","locations":[{"start":{"line":66,"column":2},"end":{"line":66,"column":59}},{"start":{"line":66,"column":2},"end":{"line":66,"column":59}}],"line":66}},"s":{"0":6,"1":6,"2":6,"3":2,"4":2,"5":1,"6":0,"7":1,"8":1,"9":1,"10":1,"11":6,"12":1,"13":1,"14":0,"15":0,"16":0,"17":0,"18":0,"19":0,"20":0,"21":0,"22":6,"23":0,"24":0,"25":0,"26":0,"27":0,"28":0,"29":0,"30":0,"31":0,"32":0,"33":0,"34":0,"35":6,"36":2,"37":0,"38":2,"39":1,"40":0,"41":0,"42":0,"43":0,"44":0,"45":0,"46":0,"47":0,"48":0,"49":0,"50":6},"f":{"0":2,"1":1,"2":1,"3":0,"4":0,"5":0,"6":0,"7":2,"8":0,"9":0,"10":0},"b":{"0":[0,1],"1":[0,0],"2":[0,0],"3":[0,0],"4":[0,2],"5":[0,0],"6":[0,0],"7":[0,0]},"_coverageSchema":"1a1c01bbd47fc00a2c39e90264f33305004495a9","hash":"be2d9723171d76d698dae46b00dad119950b2b34"}
}
