TN:
SF:app\app.js
FNF:0
FNH:0
DA:1,6
DA:2,6
DA:4,6
DA:5,6
DA:6,6
DA:7,6
DA:8,6
DA:9,6
DA:12,6
DA:14,6
DA:16,6
LF:11
LH:11
BRF:0
BRH:0
end_of_record
TN:
SF:app\components\auth\auth.controller.js
FN:8,(anonymous_0)
FN:12,(anonymous_1)
FN:13,(anonymous_2)
FN:16,(anonymous_3)
FN:24,(anonymous_4)
FN:40,(anonymous_5)
FN:53,(anonymous_6)
FN:72,(anonymous_7)
FN:97,(anonymous_8)
FN:115,(anonymous_9)
FN:130,(anonymous_10)
FN:145,(anonymous_11)
FNF:12
FNH:12
FNDA:9,(anonymous_0)
FNDA:9,(anonymous_1)
FNDA:10,(anonymous_2)
FNDA:9,(anonymous_3)
FNDA:9,(anonymous_4)
FNDA:1,(anonymous_5)
FNDA:6,(anonymous_6)
FNDA:7,(anonymous_7)
FNDA:1,(anonymous_8)
FNDA:1,(anonymous_9)
FNDA:2,(anonymous_10)
FNDA:2,(anonymous_11)
DA:1,6
DA:2,6
DA:3,6
DA:4,6
DA:7,6
DA:9,9
DA:12,9
DA:13,10
DA:16,9
DA:17,6
DA:24,6
DA:25,9
DA:26,9
DA:27,9
DA:28,9
DA:31,9
DA:32,9
DA:40,6
DA:41,1
DA:42,1
DA:43,1
DA:45,1
DA:53,6
DA:54,6
DA:55,6
DA:57,6
DA:58,6
DA:60,6
DA:72,6
DA:73,7
DA:75,7
DA:76,7
DA:77,7
DA:79,7
DA:81,7
DA:83,7
DA:84,7
DA:85,7
DA:86,7
DA:87,7
DA:88,7
DA:97,6
DA:98,1
DA:99,1
DA:100,1
DA:102,1
DA:103,1
DA:104,1
DA:105,1
DA:115,6
DA:116,1
DA:118,1
DA:120,1
DA:121,1
DA:122,1
DA:130,6
DA:131,2
DA:132,2
DA:133,2
DA:134,2
DA:145,6
DA:146,2
DA:147,2
DA:148,2
DA:150,2
DA:152,2
DA:153,2
DA:154,2
DA:155,2
DA:158,6
LF:70
LH:70
BRDA:24,0,0,1
BRDA:25,1,0,0
BRDA:25,1,1,9
BRDA:28,2,0,0
BRDA:28,2,1,9
BRDA:43,3,0,0
BRDA:43,3,1,1
BRDA:58,4,0,0
BRDA:58,4,1,6
BRDA:76,5,0,0
BRDA:76,5,1,7
BRDA:77,6,0,0
BRDA:77,6,1,7
BRDA:83,7,0,7
BRDA:83,7,1,0
BRDA:84,8,0,7
BRDA:84,8,1,0
BRDA:100,9,0,0
BRDA:100,9,1,1
BRDA:102,10,0,0
BRDA:102,10,1,1
BRDA:118,11,0,0
BRDA:118,11,1,1
BRDA:133,12,0,0
BRDA:133,12,1,2
BRDA:148,13,0,0
BRDA:148,13,1,2
BRDA:150,14,0,0
BRDA:150,14,1,2
BRF:29
BRH:15
end_of_record
TN:
SF:app\components\auth\auth.router.js
FN:9,(anonymous_0)
FN:14,(anonymous_1)
FN:19,(anonymous_2)
FN:24,(anonymous_3)
FN:29,(anonymous_4)
FN:34,(anonymous_5)
FN:39,(anonymous_6)
FNF:7
FNH:7
FNDA:1,(anonymous_0)
FNDA:6,(anonymous_1)
FNDA:7,(anonymous_2)
FNDA:1,(anonymous_3)
FNDA:1,(anonymous_4)
FNDA:2,(anonymous_5)
FNDA:2,(anonymous_6)
DA:1,6
DA:2,6
DA:3,6
DA:4,6
DA:5,6
DA:7,6
DA:9,6
DA:10,1
DA:11,1
DA:14,6
DA:15,6
DA:16,6
DA:19,6
DA:20,7
DA:21,7
DA:24,6
DA:25,1
DA:26,1
DA:29,6
DA:30,1
DA:31,1
DA:34,6
DA:35,2
DA:36,2
DA:39,6
DA:40,2
DA:41,2
DA:44,6
LF:28
LH:28
BRF:0
BRH:0
end_of_record
TN:
SF:app\components\auth\auth.validator.js
FNF:0
FNH:0
DA:1,6
DA:2,6
DA:4,6
DA:12,6
DA:43,6
DA:59,6
DA:80,6
DA:88,6
DA:114,6
LF:9
LH:9
BRF:0
BRH:0
end_of_record
TN:
SF:app\components\auth\index.js
FNF:0
FNH:0
DA:1,6
DA:2,6
DA:4,6
DA:6,6
LF:4
LH:4
BRF:0
BRH:0
end_of_record
TN:
SF:app\components\playlists\index.js
FNF:0
FNH:0
DA:1,6
DA:2,6
DA:3,6
DA:5,6
DA:7,6
LF:5
LH:5
BRF:0
BRH:0
end_of_record
TN:
SF:app\components\playlists\playlists.controller.js
FN:4,(anonymous_0)
FN:10,(anonymous_1)
FN:15,(anonymous_2)
FN:24,(anonymous_3)
FN:26,(anonymous_4)
FNF:5
FNH:5
FNDA:1,(anonymous_0)
FNDA:1,(anonymous_1)
FNDA:1,(anonymous_2)
FNDA:1,(anonymous_3)
FNDA:1,(anonymous_4)
DA:1,6
DA:2,6
DA:4,6
DA:5,1
DA:6,1
DA:7,1
DA:10,6
DA:11,1
DA:12,1
DA:15,6
DA:16,1
DA:21,1
DA:24,6
DA:26,6
DA:28,6
LF:15
LH:15
BRF:0
BRH:0
end_of_record
TN:
SF:app\components\playlists\playlists.model.js
FNF:0
FNH:0
DA:1,6
DA:2,6
DA:4,6
DA:16,6
DA:18,6
DA:19,6
LF:6
LH:6
BRDA:19,0,0,6
BRDA:19,0,1,6
BRF:2
BRH:2
end_of_record
TN:
SF:app\components\playlists\playlists.router.js
FN:7,(anonymous_0)
FN:13,(anonymous_1)
FN:19,(anonymous_2)
FN:25,(anonymous_3)
FN:31,(anonymous_4)
FNF:5
FNH:5
FNDA:1,(anonymous_0)
FNDA:1,(anonymous_1)
FNDA:1,(anonymous_2)
FNDA:1,(anonymous_3)
FNDA:1,(anonymous_4)
DA:1,6
DA:2,6
DA:3,6
DA:5,6
DA:7,6
DA:8,1
DA:9,1
DA:10,1
DA:13,6
DA:14,1
DA:15,1
DA:16,1
DA:19,6
DA:20,1
DA:21,1
DA:22,1
DA:25,6
DA:26,1
DA:27,1
DA:28,1
DA:31,6
DA:32,1
DA:33,1
DA:36,6
LF:24
LH:24
BRF:0
BRH:0
end_of_record
TN:
SF:app\components\playlists\playlists.validator.js
FNF:0
FNH:0
DA:1,6
DA:2,6
DA:4,6
DA:17,6
DA:25,6
DA:33,6
LF:6
LH:6
BRF:0
BRH:0
end_of_record
TN:
SF:app\components\profiles\index.js
FNF:0
FNH:0
DA:1,6
DA:2,6
DA:3,6
DA:5,6
DA:7,6
LF:5
LH:5
BRF:0
BRH:0
end_of_record
TN:
SF:app\components\profiles\profiles.controller.js
FN:3,(anonymous_0)
FN:18,(anonymous_1)
FN:20,(anonymous_2)
FNF:3
FNH:3
FNDA:1,(anonymous_0)
FNDA:1,(anonymous_1)
FNDA:1,(anonymous_2)
DA:1,6
DA:3,6
DA:4,1
DA:15,1
DA:18,6
DA:20,6
DA:22,6
LF:7
LH:7
BRF:0
BRH:0
end_of_record
TN:
SF:app\components\profiles\profiles.model.js
FN:22,(anonymous_0)
FNF:1
FNH:1
FNDA:7,(anonymous_0)
DA:1,6
DA:2,6
DA:3,6
DA:5,6
DA:18,6
DA:22,6
DA:23,7
DA:24,7
DA:25,7
DA:28,6
DA:29,6
LF:11
LH:11
BRDA:24,0,0,7
BRDA:24,0,1,0
BRDA:24,1,0,7
BRDA:24,1,1,7
BRF:4
BRH:3
end_of_record
TN:
SF:app\components\profiles\profiles.router.js
FN:11,(anonymous_0)
FN:16,(anonymous_1)
FN:22,(anonymous_2)
FNF:3
FNH:3
FNDA:1,(anonymous_0)
FNDA:1,(anonymous_1)
FNDA:1,(anonymous_2)
DA:1,6
DA:2,6
DA:3,6
DA:4,6
DA:6,6
DA:7,6
DA:9,6
DA:11,6
DA:12,1
DA:13,1
DA:16,6
DA:17,1
DA:18,1
DA:19,1
DA:22,6
DA:23,1
DA:24,1
DA:27,6
LF:18
LH:18
BRF:0
BRH:0
end_of_record
TN:
SF:app\components\profiles\profiles.validator.js
FNF:0
FNH:0
DA:1,6
DA:2,6
DA:4,6
DA:31,6
LF:4
LH:4
BRF:0
BRH:0
end_of_record
TN:
SF:app\components\projects\index.js
FNF:0
FNH:0
DA:1,6
DA:2,6
DA:3,6
DA:5,6
DA:7,6
LF:5
LH:5
BRF:0
BRH:0
end_of_record
TN:
SF:app\components\projects\project.router.js
FN:7,(anonymous_0)
FN:13,(anonymous_1)
FN:19,(anonymous_2)
FN:25,(anonymous_3)
FNF:4
FNH:4
FNDA:1,(anonymous_0)
FNDA:3,(anonymous_1)
FNDA:1,(anonymous_2)
FNDA:1,(anonymous_3)
DA:1,6
DA:2,6
DA:3,6
DA:5,6
DA:7,6
DA:8,1
DA:9,1
DA:10,1
DA:13,6
DA:14,3
DA:15,3
DA:16,3
DA:19,6
DA:20,1
DA:21,1
DA:22,1
DA:25,6
DA:26,1
DA:27,1
DA:30,6
LF:20
LH:20
BRF:0
BRH:0
end_of_record
TN:
SF:app\components\projects\project.validator.js
FNF:0
FNH:0
DA:1,6
DA:2,6
DA:4,6
DA:17,6
DA:35,6
DA:43,6
LF:6
LH:6
BRF:0
BRH:0
end_of_record
TN:
SF:app\components\projects\projects.controller.js
FN:4,(anonymous_0)
FN:9,(anonymous_1)
FN:18,(anonymous_2)
FN:20,(anonymous_3)
FNF:4
FNH:4
FNDA:1,(anonymous_0)
FNDA:3,(anonymous_1)
FNDA:1,(anonymous_2)
FNDA:1,(anonymous_3)
DA:1,6
DA:2,6
DA:4,6
DA:5,1
DA:6,1
DA:9,6
DA:10,3
DA:14,3
DA:15,3
DA:18,6
DA:20,6
DA:22,6
LF:12
LH:12
BRF:0
BRH:0
end_of_record
TN:
SF:app\components\projects\projects.model.js
FNF:0
FNH:0
DA:1,6
DA:2,6
DA:4,6
DA:16,6
DA:17,6
LF:5
LH:5
BRDA:17,0,0,6
BRDA:17,0,1,6
BRF:2
BRH:2
end_of_record
TN:
SF:app\components\search\index.js
FNF:0
FNH:0
DA:1,6
DA:2,6
DA:4,6
DA:6,6
LF:4
LH:4
BRF:0
BRH:0
end_of_record
TN:
SF:app\components\search\search.controller.js
FN:3,(anonymous_0)
FNF:1
FNH:1
FNDA:2,(anonymous_0)
DA:1,6
DA:3,6
DA:5,6
LF:3
LH:3
BRF:0
BRH:0
end_of_record
TN:
SF:app\components\search\search.router.js
FN:7,(anonymous_0)
FNF:1
FNH:1
FNDA:2,(anonymous_0)
DA:1,6
DA:2,6
DA:3,6
DA:5,6
DA:7,6
DA:8,2
DA:9,2
DA:12,6
LF:8
LH:8
BRF:0
BRH:0
end_of_record
TN:
SF:app\components\search\search.validator.js
FNF:0
FNH:0
DA:1,6
DA:2,6
DA:4,6
DA:12,6
LF:4
LH:4
BRF:0
BRH:0
end_of_record
TN:
SF:app\components\tasks\index.js
FNF:0
FNH:0
DA:1,6
DA:2,6
DA:3,6
DA:5,6
DA:7,6
LF:5
LH:5
BRF:0
BRH:0
end_of_record
TN:
SF:app\components\tasks\tasks.controller.js
FN:4,(anonymous_0)
FN:9,(anonymous_1)
FN:11,(anonymous_2)
FN:19,(anonymous_3)
FN:21,(anonymous_4)
FNF:5
FNH:5
FNDA:1,(anonymous_0)
FNDA:1,(anonymous_1)
FNDA:2,(anonymous_2)
FNDA:1,(anonymous_3)
FNDA:1,(anonymous_4)
DA:1,6
DA:2,6
DA:4,6
DA:5,1
DA:6,1
DA:9,6
DA:11,6
DA:12,2
DA:16,2
DA:19,6
DA:21,6
DA:23,6
LF:12
LH:12
BRF:0
BRH:0
end_of_record
TN:
SF:app\components\tasks\tasks.model.js
FNF:0
FNH:0
DA:1,6
DA:2,6
DA:4,6
DA:6,6
DA:23,6
DA:24,6
LF:6
LH:6
BRDA:24,0,0,6
BRDA:24,0,1,6
BRF:2
BRH:2
end_of_record
TN:
SF:app\components\tasks\tasks.router.js
FN:7,(anonymous_0)
FN:13,(anonymous_1)
FN:18,(anonymous_2)
FN:24,(anonymous_3)
FN:30,(anonymous_4)
FNF:5
FNH:5
FNDA:1,(anonymous_0)
FNDA:1,(anonymous_1)
FNDA:2,(anonymous_2)
FNDA:1,(anonymous_3)
FNDA:1,(anonymous_4)
DA:1,6
DA:2,6
DA:3,6
DA:5,6
DA:7,6
DA:8,1
DA:9,1
DA:10,1
DA:13,6
DA:14,1
DA:15,1
DA:18,6
DA:19,2
DA:20,2
DA:21,2
DA:24,6
DA:25,1
DA:26,1
DA:27,1
DA:30,6
DA:31,1
DA:32,1
DA:35,6
LF:23
LH:23
BRF:0
BRH:0
end_of_record
TN:
SF:app\components\tasks\tasks.validator.js
FNF:0
FNH:0
DA:1,6
DA:2,6
DA:4,6
DA:12,6
DA:45,6
DA:78,6
DA:86,6
LF:7
LH:7
BRF:0
BRH:0
end_of_record
TN:
SF:app\services\itunes\index.js
FN:5,(anonymous_0)
FN:11,(anonymous_1)
FN:15,(anonymous_2)
FN:21,(anonymous_3)
FN:24,(anonymous_4)
FN:31,(anonymous_5)
FN:39,(anonymous_6)
FN:47,(anonymous_7)
FN:57,(anonymous_8)
FN:62,(anonymous_9)
FN:63,(anonymous_10)
FNF:11
FNH:11
FNDA:2,(anonymous_0)
FNDA:51,(anonymous_1)
FNDA:2,(anonymous_2)
FNDA:144,(anonymous_3)
FNDA:93,(anonymous_4)
FNDA:2,(anonymous_5)
FNDA:570,(anonymous_6)
FNDA:2,(anonymous_7)
FNDA:93,(anonymous_8)
FNDA:51,(anonymous_9)
FNDA:4503,(anonymous_10)
DA:1,6
DA:3,6
DA:5,6
DA:6,2
DA:7,2
DA:8,2
DA:10,2
DA:11,51
DA:12,2
DA:15,6
DA:16,2
DA:17,2
DA:18,2
DA:20,2
DA:21,144
DA:23,2
DA:24,93
DA:28,2
DA:31,6
DA:32,2
DA:33,2
DA:34,2
DA:36,2
DA:37,2
DA:38,2
DA:39,2
DA:40,570
DA:41,477
DA:44,2
DA:47,6
DA:48,2
DA:50,2
DA:52,2
DA:54,2
DA:57,2
DA:58,93
DA:62,2
DA:63,4503
DA:64,51
DA:67,2
DA:70,6
LF:41
LH:41
BRDA:8,0,0,0
BRDA:8,0,1,2
BRDA:18,1,0,0
BRDA:18,1,1,2
BRDA:34,2,0,0
BRDA:34,2,1,2
BRDA:40,3,0,93
BRDA:40,3,1,477
BRDA:48,4,0,0
BRDA:48,4,1,2
BRDA:58,5,0,88
BRDA:58,5,1,5
BRDA:58,6,0,93
BRDA:58,6,1,93
BRDA:64,7,0,51
BRDA:64,7,1,0
BRF:16
BRH:11
end_of_record
